CRITICAL - 2022-03-10 13:34:20 --> Undefined index: name
#0 C:\laragon\www\usercrud\app\Views\user_view.php(34): CodeIgniter\Debug\Exceptions->errorHandler(8, 'Undefined index...', 'C:\\laragon\\www\\...', 34, Array)
#1 C:\laragon\www\usercrud\system\View\View.php(210): include('C:\\laragon\\www\\...')
#2 C:\laragon\www\usercrud\system\View\View.php(213): CodeIgniter\View\View->CodeIgniter\View\{closure}()
#3 C:\laragon\www\usercrud\system\Common.php(1089): CodeIgniter\View\View->render('user_view', Array, true)
#4 C:\laragon\www\usercrud\app\Controllers\UserCrud.php(11): view('user_view', Array)
#5 C:\laragon\www\usercrud\system\CodeIgniter.php(825): App\Controllers\UserCrud->index()
#6 C:\laragon\www\usercrud\system\CodeIgniter.php(412): CodeIgniter\CodeIgniter->runController(Object(App\Controllers\UserCrud))
#7 C:\laragon\www\usercrud\system\CodeIgniter.php(320): CodeIgniter\CodeIgniter->handleRequest(NULL, Object(Config\Cache), false)
#8 C:\laragon\www\usercrud\public\index.php(37): CodeIgniter\CodeIgniter->run()
#9 {main}
ERROR - 2022-03-10 13:40:15 --> Column 'nombre' cannot be null
ERROR - 2022-03-10 13:42:32 --> Column 'nombre' cannot be null
CRITICAL - 2022-03-10 13:42:45 --> Invalid file: edit_user.php
#0 C:\laragon\www\usercrud\system\View\View.php(198): CodeIgniter\Exceptions\FrameworkException::forInvalidFile('edit_user.php')
#1 C:\laragon\www\usercrud\system\Common.php(1089): CodeIgniter\View\View->render('edit_user', Array, true)
#2 C:\laragon\www\usercrud\app\Controllers\UserCrud.php(32): view('edit_user', Array)
#3 C:\laragon\www\usercrud\system\CodeIgniter.php(825): App\Controllers\UserCrud->singleUser('2')
#4 C:\laragon\www\usercrud\system\CodeIgniter.php(412): CodeIgniter\CodeIgniter->runController(Object(App\Controllers\UserCrud))
#5 C:\laragon\www\usercrud\system\CodeIgniter.php(320): CodeIgniter\CodeIgniter->handleRequest(NULL, Object(Config\Cache), false)
#6 C:\laragon\www\usercrud\public\index.php(37): CodeIgniter\CodeIgniter->run()
#7 {main}
CRITICAL - 2022-03-10 13:43:43 --> Invalid file: edit_user.php
#0 C:\laragon\www\usercrud\system\View\View.php(198): CodeIgniter\Exceptions\FrameworkException::forInvalidFile('edit_user.php')
#1 C:\laragon\www\usercrud\system\Common.php(1089): CodeIgniter\View\View->render('edit_user', Array, true)
#2 C:\laragon\www\usercrud\app\Controllers\UserCrud.php(32): view('edit_user', Array)
#3 C:\laragon\www\usercrud\system\CodeIgniter.php(825): App\Controllers\UserCrud->singleUser('2')
#4 C:\laragon\www\usercrud\system\CodeIgniter.php(412): CodeIgniter\CodeIgniter->runController(Object(App\Controllers\UserCrud))
#5 C:\laragon\www\usercrud\system\CodeIgniter.php(320): CodeIgniter\CodeIgniter->handleRequest(NULL, Object(Config\Cache), false)
#6 C:\laragon\www\usercrud\public\index.php(37): CodeIgniter\CodeIgniter->run()
#7 {main}
CRITICAL - 2022-03-10 13:54:43 --> Invalid file: edit_user.php
#0 C:\laragon\www\usercrud\system\View\View.php(198): CodeIgniter\Exceptions\FrameworkException::forInvalidFile('edit_user.php')
#1 C:\laragon\www\usercrud\system\Common.php(1089): CodeIgniter\View\View->render('edit_user', Array, true)
#2 C:\laragon\www\usercrud\app\Controllers\UserCrud.php(32): view('edit_user', Array)
#3 C:\laragon\www\usercrud\system\CodeIgniter.php(825): App\Controllers\UserCrud->singleUser('2')
#4 C:\laragon\www\usercrud\system\CodeIgniter.php(412): CodeIgniter\CodeIgniter->runController(Object(App\Controllers\UserCrud))
#5 C:\laragon\www\usercrud\system\CodeIgniter.php(320): CodeIgniter\CodeIgniter->handleRequest(NULL, Object(Config\Cache), false)
#6 C:\laragon\www\usercrud\public\index.php(37): CodeIgniter\CodeIgniter->run()
#7 {main}
CRITICAL - 2022-03-10 13:59:48 --> Invalid file: edit_user.php
#0 C:\laragon\www\usercrud\system\View\View.php(198): CodeIgniter\Exceptions\FrameworkException::forInvalidFile('edit_user.php')
#1 C:\laragon\www\usercrud\system\Common.php(1089): CodeIgniter\View\View->render('edit_user', Array, true)
#2 C:\laragon\www\usercrud\app\Controllers\UserCrud.php(32): view('edit_user', Array)
#3 C:\laragon\www\usercrud\system\CodeIgniter.php(825): App\Controllers\UserCrud->singleUser('2')
#4 C:\laragon\www\usercrud\system\CodeIgniter.php(412): CodeIgniter\CodeIgniter->runController(Object(App\Controllers\UserCrud))
#5 C:\laragon\www\usercrud\system\CodeIgniter.php(320): CodeIgniter\CodeIgniter->handleRequest(NULL, Object(Config\Cache), false)
#6 C:\laragon\www\usercrud\public\index.php(37): CodeIgniter\CodeIgniter->run()
#7 {main}
CRITICAL - 2022-03-10 14:02:38 --> Invalid file: edit_user.php
#0 C:\laragon\www\usercrud\system\View\View.php(198): CodeIgniter\Exceptions\FrameworkException::forInvalidFile('edit_user.php')
#1 C:\laragon\www\usercrud\system\Common.php(1089): CodeIgniter\View\View->render('edit_user', Array, true)
#2 C:\laragon\www\usercrud\app\Controllers\UserCrud.php(32): view('edit_user', Array)
#3 C:\laragon\www\usercrud\system\CodeIgniter.php(825): App\Controllers\UserCrud->singleUser('2')
#4 C:\laragon\www\usercrud\system\CodeIgniter.php(412): CodeIgniter\CodeIgniter->runController(Object(App\Controllers\UserCrud))
#5 C:\laragon\www\usercrud\system\CodeIgniter.php(320): CodeIgniter\CodeIgniter->handleRequest(NULL, Object(Config\Cache), false)
#6 C:\laragon\www\usercrud\public\index.php(37): CodeIgniter\CodeIgniter->run()
#7 {main}
CRITICAL - 2022-03-10 14:34:26 --> Invalid file: edit_user.php
#0 C:\laragon\www\usercrud\system\View\View.php(198): CodeIgniter\Exceptions\FrameworkException::forInvalidFile('edit_user.php')
#1 C:\laragon\www\usercrud\system\Common.php(1089): CodeIgniter\View\View->render('edit_user', Array, true)
#2 C:\laragon\www\usercrud\app\Controllers\UserCrud.php(32): view('edit_user', Array)
#3 C:\laragon\www\usercrud\system\CodeIgniter.php(825): App\Controllers\UserCrud->singleUser('3')
#4 C:\laragon\www\usercrud\system\CodeIgniter.php(412): CodeIgniter\CodeIgniter->runController(Object(App\Controllers\UserCrud))
#5 C:\laragon\www\usercrud\system\CodeIgniter.php(320): CodeIgniter\CodeIgniter->handleRequest(NULL, Object(Config\Cache), false)
#6 C:\laragon\www\usercrud\public\index.php(37): CodeIgniter\CodeIgniter->run()
#7 {main}
